app/build/intermediates/manifest_merge_blame_file/debug/manifest-merger-blame-debug-report.txt
1<?xml version="1.0" encoding="utf-8"?>
2<manifest xmlns:android="http://schemas.android.com/apk/res/android"
3    xmlns:dist="http://schemas.android.com/apk/distribution"
4    package="com.milkyway.gbusiness"
5    android:versionCode="16"
6    android:versionName="2.3" >
7
8    <uses-sdk
8-->src\main\AndroidManifest.xml:17:5-19:41
9        android:minSdkVersion="21"
9-->src\main\AndroidManifest.xml:18:9-35
10        android:targetSdkVersion="31" />
10-->src\main\AndroidManifest.xml:19:9-38
11
12    <uses-permission android:name="android.permission.INTERNET" />
12-->src\main\AndroidManifest.xml:7:5-67
12-->src\main\AndroidManifest.xml:7:22-64
13    <uses-permission android:name="android.permission.ACCESS_NETWORK_STATE" />
13-->src\main\AndroidManifest.xml:8:5-79
13-->src\main\AndroidManifest.xml:8:22-76
14    <uses-permission android:name="android.permission.ACCESS_WIFI_STATE" />
14-->src\main\AndroidManifest.xml:9:5-76
14-->src\main\AndroidManifest.xml:9:22-73
15    <uses-permission android:name="android.permission.CAMERA" />
15-->src\main\AndroidManifest.xml:10:5-65
15-->src\main\AndroidManifest.xml:10:22-62
16    <uses-permission android:name="android.permission.READ_EXTERNAL_STORAGE" />
16-->src\main\AndroidManifest.xml:11:5-80
16-->src\main\AndroidManifest.xml:11:22-77
17    <uses-permission
17-->src\main\AndroidManifest.xml:12:5-80
18        android:name="android.permission.WRITE_EXTERNAL_STORAGE"
18-->src\main\AndroidManifest.xml:12:22-78
19        android:maxSdkVersion="28" />
19-->[com.github.Drjacky:ImagePicker:2.1.13] AndroidManifest.xml:12:9-35
20
21    <uses-feature
21-->src\main\AndroidManifest.xml:13:5-84
22        android:name="android.hardware.camera"
22-->src\main\AndroidManifest.xml:13:19-57
23        android:required="true" />
23-->src\main\AndroidManifest.xml:13:58-81
24
25    <uses-permission android:name="android.permission.MANAGE_EXTERNAL_STORAGE" />
25-->src\main\AndroidManifest.xml:14:5-110
25-->src\main\AndroidManifest.xml:14:22-79
26
27    <dist:module dist:instant="true" />
27-->src\main\AndroidManifest.xml:15:5-40
27-->src\main\AndroidManifest.xml:15:18-37
28
29    <uses-feature
29-->src\main\AndroidManifest.xml:21:5-23:35
30        android:glEsVersion="0x00020000"
30-->src\main\AndroidManifest.xml:22:9-41
31        android:required="true" />
31-->src\main\AndroidManifest.xml:23:9-32
32
33    <queries>
33-->src\main\AndroidManifest.xml:25:5-29:15
34        <intent>
34-->src\main\AndroidManifest.xml:26:9-28:18
35            <action android:name="android.media.action.IMAGE_CAPTURE" />
35-->src\main\AndroidManifest.xml:27:13-73
35-->src\main\AndroidManifest.xml:27:21-70
36        </intent>
37        <!-- Gallery -->
38        <intent>
38-->src\main\AndroidManifest.xml:26:9-28:18
39            <action android:name="android.intent.action.GET_CONTENT" />
40
41            <category android:name="android.intent.category.OPENABLE" />
42
43            <data android:mimeType="image/*" />
43-->src\main\AndroidManifest.xml:106:17-75
44        </intent>
45        <intent>
45-->src\main\AndroidManifest.xml:26:9-28:18
46            <action android:name="android.intent.action.PICK" />
47
48            <data android:mimeType="image/*" />
48-->src\main\AndroidManifest.xml:106:17-75
49        </intent>
50        <intent>
50-->src\main\AndroidManifest.xml:26:9-28:18
51            <action android:name="android.intent.action.CHOOSER" />
52        </intent> <!-- Camera -->
53        <intent>
53-->src\main\AndroidManifest.xml:26:9-28:18
54            <action android:name="android.media.action.IMAGE_CAPTURE" />
54-->src\main\AndroidManifest.xml:27:13-73
54-->src\main\AndroidManifest.xml:27:21-70
55        </intent>
56    </queries>
57
58    <!-- To allow starting foreground services on Android P+ - https://developer.android.com/preview/behavior-changes#fg-svc -->
59    <uses-permission android:name="android.permission.FOREGROUND_SERVICE" />
59-->[com.squareup.leakcanary:leakcanary-android:1.6.3] AndroidManifest.xml:26:5-77
59-->[com.squareup.leakcanary:leakcanary-android:1.6.3] AndroidManifest.xml:26:22-74
60    <uses-permission android:name="android.permission.USE_FINGERPRINT" />
60-->[com.github.thealeksandr:PFLockScreen-Android:1.0.0-beta5] AndroidManifest.xml:11:5-74
60-->[com.github.thealeksandr:PFLockScreen-Android:1.0.0-beta5] AndroidManifest.xml:11:22-71
61    <uses-permission android:name="android.permission.VIBRATE" />
61-->[com.github.thealeksandr:PFLockScreen-Android:1.0.0-beta5] AndroidManifest.xml:12:5-66
61-->[com.github.thealeksandr:PFLockScreen-Android:1.0.0-beta5] AndroidManifest.xml:12:22-63
62    <uses-permission android:name="com.google.android.finsky.permission.BIND_GET_INSTALL_REFERRER_SERVICE" />
62-->[com.android.installreferrer:installreferrer:1.0] AndroidManifest.xml:9:5-110
62-->[com.android.installreferrer:installreferrer:1.0] AndroidManifest.xml:9:22-107
63    <uses-permission android:name="android.permission.WAKE_LOCK" /> <!-- Required by older versions of Google Play services to create IID tokens -->
63-->[com.google.android.gms:play-services-measurement-api:17.0.0] AndroidManifest.xml:24:5-68
63-->[com.google.android.gms:play-services-measurement-api:17.0.0] AndroidManifest.xml:24:22-65
64    <uses-permission android:name="com.google.android.c2dm.permission.RECEIVE" />
64-->[com.google.firebase:firebase-iid:19.0.1] AndroidManifest.xml:26:5-82
64-->[com.google.firebase:firebase-iid:19.0.1] AndroidManifest.xml:26:22-79
65
66    <uses-feature
66-->[io.card:android-sdk:5.5.1] AndroidManifest.xml:15:5-17:36
67        android:name="android.hardware.camera.autofocus"
67-->[io.card:android-sdk:5.5.1] AndroidManifest.xml:16:9-57
68        android:required="false" />
68-->[io.card:android-sdk:5.5.1] AndroidManifest.xml:17:9-33
69
70    <application
70-->src\main\AndroidManifest.xml:31:5-162:19
71        android:name="com.milkyway.gbusiness.activities.MyApplication"
71-->src\main\AndroidManifest.xml:32:9-49
72        android:allowBackup="true"
72-->src\main\AndroidManifest.xml:33:9-35
73        android:appComponentFactory="androidx.core.app.CoreComponentFactory"
73-->[androidx.core:core:1.7.0] AndroidManifest.xml:24:18-86
74        android:debuggable="true"
75        android:icon="@mipmap/ic_launcher_gb"
75-->src\main\AndroidManifest.xml:34:9-46
76        android:label="@string/app_name"
76-->src\main\AndroidManifest.xml:35:9-41
77        android:requestLegacyExternalStorage="true"
77-->src\main\AndroidManifest.xml:42:9-52
78        android:roundIcon="@mipmap/ic_launcher_gb_round"
78-->src\main\AndroidManifest.xml:36:9-57
79        android:supportsRtl="true"
79-->src\main\AndroidManifest.xml:37:9-35
80        android:testOnly="true"
81        android:theme="@style/AppTheme"
81-->src\main\AndroidManifest.xml:38:9-40
82        android:usesCleartextTraffic="true" >
82-->src\main\AndroidManifest.xml:40:9-44
83        <activity
83-->src\main\AndroidManifest.xml:44:9-46:52
84            android:name="com.milkyway.gbusiness.activities.FullImageActivity"
84-->src\main\AndroidManifest.xml:45:13-57
85            android:screenOrientation="portrait" />
85-->src\main\AndroidManifest.xml:46:13-49
86        <activity
86-->src\main\AndroidManifest.xml:47:9-49:52
87            android:name="com.milkyway.gbusiness.activities.SignUpActivity"
87-->src\main\AndroidManifest.xml:48:13-54
88            android:screenOrientation="portrait" />
88-->src\main\AndroidManifest.xml:49:13-49
89        <activity
89-->src\main\AndroidManifest.xml:50:9-52:52
90            android:name="com.milkyway.gbusiness.activities.Main2Activity"
90-->src\main\AndroidManifest.xml:51:13-53
91            android:screenOrientation="portrait" />
91-->src\main\AndroidManifest.xml:52:13-49
92        <activity
92-->src\main\AndroidManifest.xml:54:9-56:51
93            android:name="com.milkyway.gbusiness.activities.PhoneNumberActivity"
93-->src\main\AndroidManifest.xml:55:13-59
94            android:screenOrientation="portrait" />
94-->src\main\AndroidManifest.xml:56:13-49
95        <activity
95-->src\main\AndroidManifest.xml:57:9-59:52
96            android:name="com.milkyway.gbusiness.activities.ChangePasswordActivity"
96-->src\main\AndroidManifest.xml:58:13-62
97            android:screenOrientation="portrait" />
97-->src\main\AndroidManifest.xml:59:13-49
98        <activity
98-->src\main\AndroidManifest.xml:60:9-62:52
99            android:name="com.milkyway.gbusiness.activities.ForgotActivity"
99-->src\main\AndroidManifest.xml:61:13-54
100            android:screenOrientation="portrait" />
100-->src\main\AndroidManifest.xml:62:13-49
101        <activity
101-->src\main\AndroidManifest.xml:63:9-65:51
102            android:name="com.milkyway.gbusiness.activities.MainActivity"
102-->src\main\AndroidManifest.xml:64:13-52
103            android:screenOrientation="portrait" />
103-->src\main\AndroidManifest.xml:65:13-49
104        <activity
104-->src\main\AndroidManifest.xml:66:9-68:52
105            android:name="com.milkyway.gbusiness.activities.OtpActivity"
105-->src\main\AndroidManifest.xml:67:13-51
106            android:screenOrientation="portrait" />
106-->src\main\AndroidManifest.xml:68:13-49
107        <activity
107-->src\main\AndroidManifest.xml:69:9-78:20
108            android:name="com.milkyway.gbusiness.activities.SplashActivity"
108-->src\main\AndroidManifest.xml:70:13-54
109            android:exported="true"
109-->src\main\AndroidManifest.xml:72:13-36
110            android:screenOrientation="portrait" >
110-->src\main\AndroidManifest.xml:71:13-49
111            <intent-filter>
111-->src\main\AndroidManifest.xml:73:13-77:29
112                <action android:name="android.intent.action.MAIN" />
112-->src\main\AndroidManifest.xml:74:17-69
112-->src\main\AndroidManifest.xml:74:25-66
113
114                <category android:name="android.intent.category.LAUNCHER" />
114-->src\main\AndroidManifest.xml:76:17-77
114-->src\main\AndroidManifest.xml:76:27-74
115            </intent-filter>
116        </activity>
117        <activity
117-->src\main\AndroidManifest.xml:79:9-81:52
118            android:name="com.milkyway.gbusiness.activities.IntroActivity"
118-->src\main\AndroidManifest.xml:80:13-53
119            android:screenOrientation="portrait" />
119-->src\main\AndroidManifest.xml:81:13-49
120        <activity
120-->src\main\AndroidManifest.xml:82:9-84:52
121            android:name="com.milkyway.gbusiness.activities.LoginActivity"
121-->src\main\AndroidManifest.xml:83:13-53
122            android:screenOrientation="portrait" />
122-->src\main\AndroidManifest.xml:84:13-49
123
124        <meta-data
124-->src\main\AndroidManifest.xml:86:9-89:45
125            android:name="com.facebook.sdk.ApplicationId"
125-->src\main\AndroidManifest.xml:87:13-58
126            android:value="@string/facebook_app_id" /> <!-- tools:replace="android:value" -->
126-->src\main\AndroidManifest.xml:88:13-52
127        <activity
127-->src\main\AndroidManifest.xml:90:9-93:48
128            android:name="com.facebook.FacebookActivity"
128-->src\main\AndroidManifest.xml:91:13-57
129            android:configChanges="keyboard|keyboardHidden|screenLayout|screenSize|orientation"
129-->src\main\AndroidManifest.xml:92:13-96
130            android:label="@string/app_name"
130-->src\main\AndroidManifest.xml:93:13-45
131            android:theme="@style/com_facebook_activity_theme" />
131-->[com.facebook.android:facebook-common:5.15.3] AndroidManifest.xml:33:13-63
132        <activity
132-->src\main\AndroidManifest.xml:94:9-97:59
133            android:name="com.theartofdev.edmodo.cropper.CropImageActivity"
133-->src\main\AndroidManifest.xml:95:13-76
134            android:screenOrientation="portrait"
134-->src\main\AndroidManifest.xml:96:13-49
135            android:theme="@style/Base.Theme.AppCompat" />
135-->src\main\AndroidManifest.xml:97:13-56
136        <activity
136-->src\main\AndroidManifest.xml:98:9-108:20
137            android:name="com.facebook.CustomTabActivity"
137-->src\main\AndroidManifest.xml:99:13-58
138            android:exported="true"
138-->src\main\AndroidManifest.xml:100:13-36
139            android:screenOrientation="portrait" >
139-->src\main\AndroidManifest.xml:101:13-49
140            <intent-filter>
140-->src\main\AndroidManifest.xml:102:13-107:29
141                <action android:name="android.intent.action.VIEW" />
141-->src\main\AndroidManifest.xml:103:17-69
141-->src\main\AndroidManifest.xml:103:25-66
142
143                <category android:name="android.intent.category.DEFAULT" />
143-->src\main\AndroidManifest.xml:104:17-76
143-->src\main\AndroidManifest.xml:104:27-73
144                <category android:name="android.intent.category.BROWSABLE" />
144-->src\main\AndroidManifest.xml:105:17-78
144-->src\main\AndroidManifest.xml:105:27-75
145
146                <data android:scheme="@string/fb_login_protocol_scheme" />
146-->src\main\AndroidManifest.xml:106:17-75
146-->src\main\AndroidManifest.xml:106:23-72
147            </intent-filter>
148            <intent-filter>
148-->[com.firebaseui:firebase-ui-auth:4.3.1] AndroidManifest.xml:92:13-99:29
149                <action android:name="android.intent.action.VIEW" />
149-->src\main\AndroidManifest.xml:103:17-69
149-->src\main\AndroidManifest.xml:103:25-66
150
151                <category android:name="android.intent.category.DEFAULT" />
151-->src\main\AndroidManifest.xml:104:17-76
151-->src\main\AndroidManifest.xml:104:27-73
152                <category android:name="android.intent.category.BROWSABLE" />
152-->src\main\AndroidManifest.xml:105:17-78
152-->src\main\AndroidManifest.xml:105:27-75
153
154                <data android:scheme="@string/facebook_login_protocol_scheme" />
154-->src\main\AndroidManifest.xml:106:17-75
154-->src\main\AndroidManifest.xml:106:23-72
155            </intent-filter>
156            <intent-filter>
156-->[com.facebook.android:facebook-common:5.15.3] AndroidManifest.xml:39:13-48:29
157                <action android:name="android.intent.action.VIEW" />
157-->src\main\AndroidManifest.xml:103:17-69
157-->src\main\AndroidManifest.xml:103:25-66
158
159                <category android:name="android.intent.category.DEFAULT" />
159-->src\main\AndroidManifest.xml:104:17-76
159-->src\main\AndroidManifest.xml:104:27-73
160                <category android:name="android.intent.category.BROWSABLE" />
160-->src\main\AndroidManifest.xml:105:17-78
160-->src\main\AndroidManifest.xml:105:27-75
161
162                <data
162-->src\main\AndroidManifest.xml:106:17-75
163                    android:host="cct.com.milkyway.gbusiness"
164                    android:scheme="fbconnect" />
164-->src\main\AndroidManifest.xml:106:23-72
165            </intent-filter>
166        </activity>
167
168        <service
168-->src\main\AndroidManifest.xml:110:9-117:19
169            android:name="com.milkyway.gbusiness.activities.MyFirebaseMessagingService"
169-->src\main\AndroidManifest.xml:111:13-66
170            android:exported="true"
170-->src\main\AndroidManifest.xml:113:13-36
171            android:stopWithTask="false" >
171-->src\main\AndroidManifest.xml:112:13-41
172            <intent-filter>
172-->src\main\AndroidManifest.xml:114:13-116:29
173                <action android:name="com.google.firebase.MESSAGING_EVENT" />
173-->src\main\AndroidManifest.xml:115:17-78
173-->src\main\AndroidManifest.xml:115:25-75
174            </intent-filter>
175        </service> <!-- // main service -->
176        <service
176-->src\main\AndroidManifest.xml:118:9-122:56
177            android:name="com.milkyway.gbusiness.firebaseimpl.RazorpayPaymentService"
177-->src\main\AndroidManifest.xml:119:13-64
178            android:enabled="true"
178-->src\main\AndroidManifest.xml:120:13-35
179            android:exported="true"
179-->src\main\AndroidManifest.xml:121:13-36
180            android:label="@string/app_service_name" />
180-->src\main\AndroidManifest.xml:122:13-53
181        <service
181-->src\main\AndroidManifest.xml:123:9-126:39
182            android:name="com.milkyway.gbusiness.firebaseimpl.AutoLoginService"
182-->src\main\AndroidManifest.xml:124:13-58
183            android:enabled="true"
183-->src\main\AndroidManifest.xml:125:13-35
184            android:exported="true" />
184-->src\main\AndroidManifest.xml:126:13-36
185        <service
185-->src\main\AndroidManifest.xml:127:9-130:39
186            android:name="com.milkyway.gbusiness.firebaseimpl.PayPalPaymentService"
186-->src\main\AndroidManifest.xml:128:13-62
187            android:enabled="true"
187-->src\main\AndroidManifest.xml:129:13-35
188            android:exported="true" />
188-->src\main\AndroidManifest.xml:130:13-36
189        <service
189-->src\main\AndroidManifest.xml:131:9-134:39
190            android:name="com.milkyway.gbusiness.firebaseimpl.MyService"
190-->src\main\AndroidManifest.xml:132:13-51
191            android:enabled="true"
191-->src\main\AndroidManifest.xml:133:13-35
192            android:exported="true" />
192-->src\main\AndroidManifest.xml:134:13-36
193        <service
193-->src\main\AndroidManifest.xml:135:9-138:39
194            android:name="com.milkyway.gbusiness.firebaseimpl.SecondService"
194-->src\main\AndroidManifest.xml:136:13-55
195            android:enabled="true"
195-->src\main\AndroidManifest.xml:137:13-35
196            android:exported="true" />
196-->src\main\AndroidManifest.xml:138:13-36
197
198        <meta-data
198-->src\main\AndroidManifest.xml:140:9-142:70
199            android:name="com.google.firebase.messaging.default_notification_icon"
199-->src\main\AndroidManifest.xml:141:13-83
200            android:resource="@drawable/ic_stat_onesignal_default" />
200-->src\main\AndroidManifest.xml:142:13-67
201        <meta-data
201-->src\main\AndroidManifest.xml:144:9-146:51
202            android:name="com.google.firebase.messaging.default_notification_color"
202-->src\main\AndroidManifest.xml:145:13-84
203            android:resource="@color/colorPink" />
203-->src\main\AndroidManifest.xml:146:13-48
204
205        <provider
206            android:name="androidx.core.content.FileProvider"
206-->src\main\AndroidManifest.xml:149:13-62
207            android:authorities="com.milkyway.gbusiness.fileprovider"
207-->src\main\AndroidManifest.xml:150:13-64
208            android:exported="false"
208-->src\main\AndroidManifest.xml:151:13-37
209            android:grantUriPermissions="true" >
209-->src\main\AndroidManifest.xml:152:13-47
210            <meta-data
210-->src\main\AndroidManifest.xml:153:13-155:57
211                android:name="android.support.FILE_PROVIDER_PATHS"
211-->src\main\AndroidManifest.xml:154:17-67
212                android:resource="@xml/provide_paths" />
212-->src\main\AndroidManifest.xml:155:17-54
213        </provider>
214
215        <meta-data
215-->src\main\AndroidManifest.xml:158:9-160:69
216            android:name="com.google.android.gms.version"
216-->src\main\AndroidManifest.xml:159:13-58
217            android:value="@integer/google_play_services_version" />
217-->src\main\AndroidManifest.xml:160:13-66
218
219        <service
219-->[com.squareup.leakcanary:leakcanary-android:1.6.3] AndroidManifest.xml:29:9-32:45
220            android:name="com.squareup.leakcanary.internal.HeapAnalyzerService"
220-->[com.squareup.leakcanary:leakcanary-android:1.6.3] AndroidManifest.xml:30:13-80
221            android:enabled="false"
221-->[com.squareup.leakcanary:leakcanary-android:1.6.3] AndroidManifest.xml:31:13-36
222            android:process=":leakcanary" />
222-->[com.squareup.leakcanary:leakcanary-android:1.6.3] AndroidManifest.xml:32:13-42
223        <service
223-->[com.squareup.leakcanary:leakcanary-android:1.6.3] AndroidManifest.xml:33:9-36:45
224            android:name="com.squareup.leakcanary.DisplayLeakService"
224-->[com.squareup.leakcanary:leakcanary-android:1.6.3] AndroidManifest.xml:34:13-70
225            android:enabled="false"
225-->[com.squareup.leakcanary:leakcanary-android:1.6.3] AndroidManifest.xml:35:13-36
226            android:process=":leakcanary" />
226-->[com.squareup.leakcanary:leakcanary-android:1.6.3] AndroidManifest.xml:36:13-42
227
228        <provider
228-->[com.squareup.leakcanary:leakcanary-android:1.6.3] AndroidManifest.xml:38:9-46:20
229            android:name="com.squareup.leakcanary.internal.LeakCanaryFileProvider"
229-->[com.squareup.leakcanary:leakcanary-android:1.6.3] AndroidManifest.xml:39:13-83
230            android:authorities="com.squareup.leakcanary.fileprovider.com.milkyway.gbusiness"
230-->[com.squareup.leakcanary:leakcanary-android:1.6.3] AndroidManifest.xml:40:13-88
231            android:exported="false"
231-->[com.squareup.leakcanary:leakcanary-android:1.6.3] AndroidManifest.xml:41:13-37
232            android:grantUriPermissions="true" >
232-->[com.squareup.leakcanary:leakcanary-android:1.6.3] AndroidManifest.xml:42:13-47
233            <meta-data
233-->src\main\AndroidManifest.xml:153:13-155:57
234                android:name="android.support.FILE_PROVIDER_PATHS"
234-->src\main\AndroidManifest.xml:154:17-67
235                android:resource="@xml/leak_canary_file_paths" />
235-->src\main\AndroidManifest.xml:155:17-54
236        </provider>
237
238        <activity
238-->[com.squareup.leakcanary:leakcanary-android:1.6.3] AndroidManifest.xml:48:9-61:20
239            android:name="com.squareup.leakcanary.internal.DisplayLeakActivity"
239-->[com.squareup.leakcanary:leakcanary-android:1.6.3] AndroidManifest.xml:49:13-80
240            android:enabled="false"
240-->[com.squareup.leakcanary:leakcanary-android:1.6.3] AndroidManifest.xml:50:13-36
241            android:icon="@mipmap/leak_canary_icon"
241-->[com.squareup.leakcanary:leakcanary-android:1.6.3] AndroidManifest.xml:51:13-52
242            android:label="@string/leak_canary_display_activity_label"
242-->[com.squareup.leakcanary:leakcanary-android:1.6.3] AndroidManifest.xml:52:13-71
243            android:process=":leakcanary"
243-->[com.squareup.leakcanary:leakcanary-android:1.6.3] AndroidManifest.xml:53:13-42
244            android:taskAffinity="com.squareup.leakcanary.com.milkyway.gbusiness"
244-->[com.squareup.leakcanary:leakcanary-android:1.6.3] AndroidManifest.xml:54:13-76
245            android:theme="@style/leak_canary_LeakCanary.Base" >
245-->[com.squareup.leakcanary:leakcanary-android:1.6.3] AndroidManifest.xml:55:13-63
246            <intent-filter>
246-->src\main\AndroidManifest.xml:73:13-77:29
247                <action android:name="android.intent.action.MAIN" />
247-->src\main\AndroidManifest.xml:74:17-69
247-->src\main\AndroidManifest.xml:74:25-66
248
249                <category android:name="android.intent.category.LAUNCHER" />
249-->src\main\AndroidManifest.xml:76:17-77
249-->src\main\AndroidManifest.xml:76:27-74
250            </intent-filter>
251        </activity>
252        <activity
252-->[com.squareup.leakcanary:leakcanary-android:1.6.3] AndroidManifest.xml:62:9-71:68
253            android:name="com.squareup.leakcanary.internal.RequestStoragePermissionActivity"
253-->[com.squareup.leakcanary:leakcanary-android:1.6.3] AndroidManifest.xml:63:13-93
254            android:enabled="false"
254-->[com.squareup.leakcanary:leakcanary-android:1.6.3] AndroidManifest.xml:64:13-36
255            android:excludeFromRecents="true"
255-->[com.squareup.leakcanary:leakcanary-android:1.6.3] AndroidManifest.xml:65:13-46
256            android:icon="@mipmap/leak_canary_icon"
256-->[com.squareup.leakcanary:leakcanary-android:1.6.3] AndroidManifest.xml:66:13-52
257            android:label="@string/leak_canary_storage_permission_activity_label"
257-->[com.squareup.leakcanary:leakcanary-android:1.6.3] AndroidManifest.xml:67:13-82
258            android:process=":leakcanary"
258-->[com.squareup.leakcanary:leakcanary-android:1.6.3] AndroidManifest.xml:68:13-42
259            android:roundIcon="@mipmap/leak_canary_icon"
259-->[com.squareup.leakcanary:leakcanary-android:1.6.3] AndroidManifest.xml:69:13-57
260            android:taskAffinity="com.squareup.leakcanary.com.milkyway.gbusiness"
260-->[com.squareup.leakcanary:leakcanary-android:1.6.3] AndroidManifest.xml:70:13-76
261            android:theme="@style/leak_canary_Theme.Transparent" />
261-->[com.squareup.leakcanary:leakcanary-android:1.6.3] AndroidManifest.xml:71:13-65
262        <activity
262-->[com.github.Drjacky:ImagePicker:2.1.13] AndroidManifest.xml:39:9-42:68
263            android:name="com.github.drjacky.imagepicker.ImagePickerActivity"
263-->[com.github.Drjacky:ImagePicker:2.1.13] AndroidManifest.xml:40:13-78
264            android:screenOrientation="unspecified"
264-->[com.github.Drjacky:ImagePicker:2.1.13] AndroidManifest.xml:41:13-52
265            android:theme="@style/Theme.Transparent.ImagePicker" />
265-->[com.github.Drjacky:ImagePicker:2.1.13] AndroidManifest.xml:42:13-65
266        <activity
266-->[com.github.Drjacky:ImagePicker:2.1.13] AndroidManifest.xml:43:9-46:72
267            android:name="com.yalantis.ucrop.UCropActivity"
267-->[com.github.Drjacky:ImagePicker:2.1.13] AndroidManifest.xml:44:13-60
268            android:screenOrientation="portrait"
268-->[com.github.Drjacky:ImagePicker:2.1.13] AndroidManifest.xml:45:13-49
269            android:theme="@style/Theme.AppCompat.Light.NoActionBar" />
269-->[com.github.Drjacky:ImagePicker:2.1.13] AndroidManifest.xml:46:13-69
270
271        <provider
271-->[com.github.Drjacky:ImagePicker:2.1.13] AndroidManifest.xml:48:9-56:20
272            android:name="com.github.drjacky.imagepicker.ImagePickerFileProvider"
272-->[com.github.Drjacky:ImagePicker:2.1.13] AndroidManifest.xml:49:13-82
273            android:authorities="com.milkyway.gbusiness.imagepicker.provider"
273-->[com.github.Drjacky:ImagePicker:2.1.13] AndroidManifest.xml:50:13-72
274            android:exported="false"
274-->[com.github.Drjacky:ImagePicker:2.1.13] AndroidManifest.xml:51:13-37
275            android:grantUriPermissions="true" >
275-->[com.github.Drjacky:ImagePicker:2.1.13] AndroidManifest.xml:52:13-47
276            <meta-data
276-->src\main\AndroidManifest.xml:153:13-155:57
277                android:name="android.support.FILE_PROVIDER_PATHS"
277-->src\main\AndroidManifest.xml:154:17-67
278                android:resource="@xml/image_picker_provider_paths" />
278-->src\main\AndroidManifest.xml:155:17-54
279        </provider>
280        <provider
280-->[com.squareup.picasso:picasso:2.71828] AndroidManifest.xml:8:9-11:40
281            android:name="com.squareup.picasso.PicassoProvider"
281-->[com.squareup.picasso:picasso:2.71828] AndroidManifest.xml:9:13-64
282            android:authorities="com.milkyway.gbusiness.com.squareup.picasso"
282-->[com.squareup.picasso:picasso:2.71828] AndroidManifest.xml:10:13-72
283            android:exported="false" />
283-->[com.squareup.picasso:picasso:2.71828] AndroidManifest.xml:11:13-37
284
285        <activity android:name="com.paypal.android.sdk.payments.PaymentActivity" />
285-->[com.paypal.sdk:paypal-android-sdk:2.16.0] AndroidManifest.xml:13:9-84
285-->[com.paypal.sdk:paypal-android-sdk:2.16.0] AndroidManifest.xml:13:19-81
286        <activity android:name="com.paypal.android.sdk.payments.PaymentMethodActivity" />
286-->[com.paypal.sdk:paypal-android-sdk:2.16.0] AndroidManifest.xml:14:9-90
286-->[com.paypal.sdk:paypal-android-sdk:2.16.0] AndroidManifest.xml:14:19-87
287        <activity android:name="com.paypal.android.sdk.payments.PaymentConfirmActivity" />
287-->[com.paypal.sdk:paypal-android-sdk:2.16.0] AndroidManifest.xml:15:9-91
287-->[com.paypal.sdk:paypal-android-sdk:2.16.0] AndroidManifest.xml:15:19-88
288        <activity android:name="com.paypal.android.sdk.payments.LoginActivity" />
288-->[com.paypal.sdk:paypal-android-sdk:2.16.0] AndroidManifest.xml:16:9-82
288-->[com.paypal.sdk:paypal-android-sdk:2.16.0] AndroidManifest.xml:16:19-79
289        <activity android:name="com.paypal.android.sdk.payments.PayPalFuturePaymentActivity" />
289-->[com.paypal.sdk:paypal-android-sdk:2.16.0] AndroidManifest.xml:17:9-96
289-->[com.paypal.sdk:paypal-android-sdk:2.16.0] AndroidManifest.xml:17:19-93
290        <activity android:name="com.paypal.android.sdk.payments.FuturePaymentConsentActivity" />
290-->[com.paypal.sdk:paypal-android-sdk:2.16.0] AndroidManifest.xml:18:9-97
290-->[com.paypal.sdk:paypal-android-sdk:2.16.0] AndroidManifest.xml:18:19-94
291        <activity android:name="com.paypal.android.sdk.payments.FuturePaymentInfoActivity" />
291-->[com.paypal.sdk:paypal-android-sdk:2.16.0] AndroidManifest.xml:19:9-94
291-->[com.paypal.sdk:paypal-android-sdk:2.16.0] AndroidManifest.xml:19:19-91
292        <activity android:name="com.paypal.android.sdk.payments.PayPalProfileSharingActivity" />
292-->[com.paypal.sdk:paypal-android-sdk:2.16.0] AndroidManifest.xml:20:9-97
292-->[com.paypal.sdk:paypal-android-sdk:2.16.0] AndroidManifest.xml:20:19-94
293        <activity android:name="com.paypal.android.sdk.payments.ProfileSharingConsentActivity" />
293-->[com.paypal.sdk:paypal-android-sdk:2.16.0] AndroidManifest.xml:21:9-98
293-->[com.paypal.sdk:paypal-android-sdk:2.16.0] AndroidManifest.xml:21:19-95
294
295        <service
295-->[com.paypal.sdk:paypal-android-sdk:2.16.0] AndroidManifest.xml:23:9-25:40
296            android:name="com.paypal.android.sdk.payments.PayPalService"
296-->[com.paypal.sdk:paypal-android-sdk:2.16.0] AndroidManifest.xml:24:13-73
297            android:exported="false" />
297-->[com.paypal.sdk:paypal-android-sdk:2.16.0] AndroidManifest.xml:25:13-37
298
299        <activity
299-->[com.firebaseui:firebase-ui-auth:4.3.1] AndroidManifest.xml:23:9-27:61
300            android:name="com.firebase.ui.auth.KickoffActivity"
300-->[com.firebaseui:firebase-ui-auth:4.3.1] AndroidManifest.xml:24:13-64
301            android:exported="false"
301-->[com.firebaseui:firebase-ui-auth:4.3.1] AndroidManifest.xml:25:13-37
302            android:label=""
302-->[com.firebaseui:firebase-ui-auth:4.3.1] AndroidManifest.xml:26:13-29
303            android:theme="@style/FirebaseUI.Transparent" />